<?xml version="1.0" encoding="UTF-8"?>
<!-- Generated by org.testng.reporters.JUnitReportReporter -->
<testsuite skipped="0" hostname="IE4-CP-L296" name="com.ryanair.testcases.BookingDeclinedTest" tests="1" failures="0" timestamp="17 Jun 2018 07:01:25 GMT" time="50.235" errors="0">
  <testcase name="bookingDeclinedTest" time="50.235" classname="com.ryanair.testcases.BookingDeclinedTest"/>
</testsuite> <!-- com.ryanair.testcases.BookingDeclinedTest -->
