<?xml version="1.0" encoding="UTF-8"?>
<!-- Generated by org.testng.reporters.JUnitReportReporter -->
<testsuite skipped="0" hostname="MAHADEV6SZSGC2" name="com.ryanair.testcases.LoginPageTest" tests="1" failures="0" timestamp="16 Jun 2018 10:37:27 GMT" time="16.646" errors="0">
  <testcase name="loginTest" time="16.646" classname="com.ryanair.testcases.LoginPageTest"/>
</testsuite> <!-- com.ryanair.testcases.LoginPageTest -->
